#
# There is insufficient memory for the Java Runtime Environment to continue.
# Native memory allocation (malloc) failed to allocate 1933136 bytes for Chunk::new
# Possible reasons:
#   The system is out of physical RAM or swap space
#   The process is running with CompressedOops enabled, and the Java Heap may be blocking the growth of the native heap
# Possible solutions:
#   Reduce memory load on the system
#   Increase physical memory or swap space
#   Check if swap backing store is full
#   Decrease Java heap size (-Xmx/-Xms)
#   Decrease number of Java threads
#   Decrease Java thread stack sizes (-Xss)
#   Set larger code cache with -XX:ReservedCodeCacheSize=
#   JVM is running with Unscaled Compressed Oops mode in which the Java heap is
#     placed in the first 4GB address space. The Java Heap base address is the
#     maximum limit for the native heap growth. Please use -XX:HeapBaseMinAddress
#     to set the Java Heap base and to place the Java Heap above 4GB virtual address.
# This output file may be truncated or incomplete.
#
#  Out of Memory Error (arena.cpp:184), pid=9128, tid=9644
#
# JRE version: Java(TM) SE Runtime Environment (19.0.2+7) (build 19.0.2+7-44)
# Java VM: Java HotSpot(TM) 64-Bit Server VM (19.0.2+7-44, mixed mode, sharing, tiered, compressed oops, compressed class ptrs, g1 gc, windows-amd64)
# No core dump will be written. Minidumps are not enabled by default on client versions of Windows
#

---------------  S U M M A R Y ------------

Command Line: -javaagent:C:\Users\Жанарбай\AppData\Local\JetBrains\IntelliJ IDEA Community Edition 2022.3.2\lib\idea_rt.jar=49820:C:\Users\Жанарбай\AppData\Local\JetBrains\IntelliJ IDEA Community Edition 2022.3.2\bin -Dfile.encoding=UTF-8 -Dsun.stdout.encoding=UTF-8 -Dsun.stderr.encoding=UTF-8 com.example.fullstack.FullstackApplication

Host: 11th Gen Intel(R) Core(TM) i7-1165G7 @ 2.80GHz, 8 cores, 7G,  Windows 10 , 64 bit Build 19041 (10.0.19041.1202)
Time: Tue Jul 18 05:14:46 2023  Windows 10 , 64 bit Build 19041 (10.0.19041.1202) elapsed time: 4.236015 seconds (0d 0h 0m 4s)

---------------  T H R E A D  ---------------

Current thread (0x000001c16fb723a0):  JavaThread "C2 CompilerThread0" daemon [_thread_in_native, id=9644, stack(0x000000446bc00000,0x000000446bd00000)]


Current CompileTask:
C2:   4236 4566   !   4       org.springframework.core.annotation.AnnotationsScanner::processMethodHierarchy (276 bytes)

Stack: [0x000000446bc00000,0x000000446bd00000]
Native frames: (J=compiled Java code, j=interpreted, Vv=VM code, C=native code)
V  [jvm.dll+0x6ee21a]
V  [jvm.dll+0x85765e]
V  [jvm.dll+0x85904e]
V  [jvm.dll+0x859703]
V  [jvm.dll+0x28298f]
V  [jvm.dll+0xc9adf]
V  [jvm.dll+0xc9e65]
V  [jvm.dll+0x3bca12]
V  [jvm.dll+0x3860e1]
V  [jvm.dll+0x38555a]
V  [jvm.dll+0x24c3d9]
V  [jvm.dll+0x24b781]
V  [jvm.dll+0x1d6ce1]
V  [jvm.dll+0x25b25a]
V  [jvm.dll+0x2596e8]
V  [jvm.dll+0x807588]
V  [jvm.dll+0x80125a]
V  [jvm.dll+0x6ecf0b]
C  [ucrtbase.dll+0x21bb2]
C  [KERNEL32.DLL+0x17034]
C  [ntdll.dll+0x52651]


---------------  P R O C E S S  ---------------

Threads class SMR info:
_java_thread_list=0x000001c17717a8d0, length=21, elements={
0x000001c14f5cc490, 0x000001c16fb4f4b0, 0x000001c16fb4fde0, 0x000001c16fb51ea0,
0x000001c16fb52a50, 0x000001c16fb53380, 0x000001c16fb53df0, 0x000001c16fb723a0,
0x000001c16fb75450, 0x000001c16fb83160, 0x000001c173dd2e10, 0x000001c16fb743a0,
0x000001c1742451e0, 0x000001c1742087c0, 0x000001c16fb73e10, 0x000001c1762abaf0,
0x000001c1762adad0, 0x000001c1762ac590, 0x000001c1762ae570, 0x000001c1762ae020,
0x000001c1762ab050
}

Java Threads: ( => current thread )
  0x000001c14f5cc490 JavaThread "main" [_thread_in_Java, id=9440, stack(0x000000446af00000,0x000000446b000000)]
  0x000001c16fb4f4b0 JavaThread "Reference Handler" daemon [_thread_blocked, id=2484, stack(0x000000446b600000,0x000000446b700000)]
  0x000001c16fb4fde0 JavaThread "Finalizer" daemon [_thread_blocked, id=9240, stack(0x000000446b700000,0x000000446b800000)]
  0x000001c16fb51ea0 JavaThread "Signal Dispatcher" daemon [_thread_blocked, id=1328, stack(0x000000446b800000,0x000000446b900000)]
  0x000001c16fb52a50 JavaThread "Attach Listener" daemon [_thread_blocked, id=8400, stack(0x000000446b900000,0x000000446ba00000)]
  0x000001c16fb53380 JavaThread "Service Thread" daemon [_thread_blocked, id=4892, stack(0x000000446ba00000,0x000000446bb00000)]
  0x000001c16fb53df0 JavaThread "Monitor Deflation Thread" daemon [_thread_blocked, id=508, stack(0x000000446bb00000,0x000000446bc00000)]
=>0x000001c16fb723a0 JavaThread "C2 CompilerThread0" daemon [_thread_in_native, id=9644, stack(0x000000446bc00000,0x000000446bd00000)]
  0x000001c16fb75450 JavaThread "C1 CompilerThread0" daemon [_thread_in_native, id=1268, stack(0x000000446bd00000,0x000000446be00000)]
  0x000001c16fb83160 JavaThread "Sweeper thread" daemon [_thread_blocked, id=8156, stack(0x000000446be00000,0x000000446bf00000)]
  0x000001c173dd2e10 JavaThread "Common-Cleaner" daemon [_thread_blocked, id=5252, stack(0x000000446bf00000,0x000000446c000000)]
  0x000001c16fb743a0 JavaThread "C2 CompilerThread1" daemon [_thread_in_native, id=8324, stack(0x000000446c000000,0x000000446c100000)]
  0x000001c1742451e0 JavaThread "Monitor Ctrl-Break" daemon [_thread_in_native, id=11044, stack(0x000000446c100000,0x000000446c200000)]
  0x000001c1742087c0 JavaThread "Notification Thread" daemon [_thread_blocked, id=9784, stack(0x000000446c200000,0x000000446c300000)]
  0x000001c16fb73e10 JavaThread "C2 CompilerThread2" daemon [_thread_in_native, id=8984, stack(0x000000446c900000,0x000000446ca00000)]
  0x000001c1762abaf0 JavaThread "Catalina-utility-1" [_thread_blocked, id=3004, stack(0x000000446cd00000,0x000000446ce00000)]
  0x000001c1762adad0 JavaThread "Catalina-utility-2" [_thread_blocked, id=7816, stack(0x000000446ce00000,0x000000446cf00000)]
  0x000001c1762ac590 JavaThread "container-0" [_thread_blocked, id=7628, stack(0x000000446cf00000,0x000000446d000000)]
  0x000001c1762ae570 JavaThread "PostgreSQL-JDBC-Cleaner" daemon [_thread_blocked, id=9964, stack(0x000000446d100000,0x000000446d200000)]
  0x000001c1762ae020 JavaThread "HikariPool-1 housekeeper" daemon [_thread_blocked, id=5088, stack(0x000000446d200000,0x000000446d300000)]
  0x000001c1762ab050 JavaThread "HikariPool-1 connection adder" daemon [_thread_blocked, id=10412, stack(0x000000446d300000,0x000000446d400000)]

Other Threads:
  0x000001c16fb3a8b0 VMThread "VM Thread" [stack: 0x000000446b500000,0x000000446b600000] [id=5944]
  0x000001c174209320 WatcherThread "VM Periodic Task Thread" [stack: 0x000000446c300000,0x000000446c400000] [id=10040]
  0x000001c14f625e90 WorkerThread "GC Thread#0" [stack: 0x000000446b000000,0x000000446b100000] [id=10452]
  0x000001c1748bfb50 WorkerThread "GC Thread#1" [stack: 0x000000446c400000,0x000000446c500000] [id=8128]
  0x000001c1743ae1d0 WorkerThread "GC Thread#2" [stack: 0x000000446c500000,0x000000446c600000] [id=1036]
  0x000001c174ac87c0 WorkerThread "GC Thread#3" [stack: 0x000000446c600000,0x000000446c700000] [id=4872]
  0x000001c174ac76e0 WorkerThread "GC Thread#4" [stack: 0x000000446c700000,0x000000446c800000] [id=5396]
  0x000001c174ac8a90 WorkerThread "GC Thread#5" [stack: 0x000000446c800000,0x000000446c900000] [id=9912]
  0x000001c174ac7410 WorkerThread "GC Thread#6" [stack: 0x000000446ca00000,0x000000446cb00000] [id=3860]
  0x000001c174ac8d60 WorkerThread "GC Thread#7" [stack: 0x000000446cb00000,0x000000446cc00000] [id=788]
  0x000001c14f6362c0 ConcurrentGCThread "G1 Main Marker" [stack: 0x000000446b100000,0x000000446b200000] [id=10840]
  0x000001c14f6393c0 WorkerThread "G1 Conc#0" [stack: 0x000000446b200000,0x000000446b300000] [id=4004]
  0x000001c174ac7c80 WorkerThread "G1 Conc#1" [stack: 0x000000446cc00000,0x000000446cd00000] [id=10640]
  0x000001c16f9ef130 ConcurrentGCThread "G1 Refine#0" [stack: 0x000000446b300000,0x000000446b400000] [id=2576]
  0x000001c16f9efa80 ConcurrentGCThread "G1 Service" [stack: 0x000000446b400000,0x000000446b500000] [id=7140]

Threads with active compile tasks:
C2 CompilerThread0     4258 4566   !   4       org.springframework.core.annotation.AnnotationsScanner::processMethodHierarchy (276 bytes)
C2 CompilerThread1     4258 4665       4       org.springframework.util.ReflectionUtils::findMethod (109 bytes)
C2 CompilerThread2     4258 4671       4       org.springframework.core.ResolvableType::forType (115 bytes)

VM state: not at safepoint (normal execution)

VM Mutex/Monitor currently owned by a thread: None

Heap address: 0x0000000084c00000, size: 1972 MB, Compressed Oops mode: 32-bit

CDS archive(s) mapped at: [0x0000000800000000-0x0000000800c40000-0x0000000800c40000), size 12845056, SharedBaseAddress: 0x0000000800000000, ArchiveRelocationMode: 0.
Compressed class space mapped at: 0x0000000801000000-0x0000000841000000, reserved size: 1073741824
Narrow klass base: 0x0000000800000000, Narrow klass shift: 0, Narrow klass range: 0x100000000

GC Precious Log:
 CardTable entry size: 512
 Card Set container configuration: InlinePtr #cards 5 size 8 Array Of Cards #cards 12 size 40 Howl #buckets 4 coarsen threshold 1843 Howl Bitmap #cards 512 size 80 coarsen threshold 460 Card regions per heap region 1 cards per card region 2048
 CPUs: 8 total, 8 available
 Memory: 7883M
 Large Page Support: Disabled
 NUMA Support: Disabled
 Compressed Oops: Enabled (32-bit)
 Heap Region Size: 1M
 Heap Min Capacity: 8M
 Heap Initial Capacity: 124M
 Heap Max Capacity: 1972M
 Pre-touch: Disabled
 Parallel Workers: 8
 Concurrent Workers: 2
 Concurrent Refinement Workers: 8
 Periodic GC: Disabled

Heap:
 garbage-first heap   total 92160K, used 49510K [0x0000000084c00000, 0x0000000100000000)
  region size 1024K, 32 young (32768K), 2 survivors (2048K)
 Metaspace       used 52308K, committed 52864K, reserved 1114112K
  class space    used 6907K, committed 7168K, reserved 1048576K

Heap Regions: E=young(eden), S=young(survivor), O=old, HS=humongous(starts), HC=humongous(continues), CS=collection set, F=free, OA=open archive, CA=closed archive, TAMS=top-at-mark-start (previous, next)
|   0|0x0000000084c00000, 0x0000000084d00000, 0x0000000084d00000|100%|HS|  |TAMS 0x0000000084d00000, 0x0000000084c00000| Complete 
|   1|0x0000000084d00000, 0x0000000084e00000, 0x0000000084e00000|100%| O|  |TAMS 0x0000000084e00000, 0x0000000084d00000| Untracked 
|   2|0x0000000084e00000, 0x0000000084f00000, 0x0000000084f00000|100%| O|  |TAMS 0x0000000084f00000, 0x0000000084e00000| Untracked 
|   3|0x0000000084f00000, 0x0000000085000000, 0x0000000085000000|100%| O|  |TAMS 0x0000000085000000, 0x0000000084f00000| Untracked 
|   4|0x0000000085000000, 0x0000000085100000, 0x0000000085100000|100%| O|  |TAMS 0x0000000085100000, 0x0000000085000000| Untracked 
|   5|0x0000000085100000, 0x0000000085200000, 0x0000000085200000|100%| O|  |TAMS 0x0000000085200000, 0x0000000085100000| Untracked 
|   6|0x0000000085200000, 0x0000000085300000, 0x0000000085300000|100%| O|  |TAMS 0x0000000085200000, 0x0000000085200000| Untracked 
|   7|0x0000000085300000, 0x0000000085400000, 0x0000000085400000|100%| O|  |TAMS 0x0000000085400000, 0x0000000085300000| Untracked 
|   8|0x0000000085400000, 0x0000000085500000, 0x0000000085500000|100%| O|  |TAMS 0x0000000085500000, 0x0000000085400000| Untracked 
|   9|0x0000000085500000, 0x0000000085600000, 0x0000000085600000|100%| O|  |TAMS 0x0000000085600000, 0x0000000085500000| Untracked 
|  10|0x0000000085600000, 0x0000000085700000, 0x0000000085700000|100%| O|  |TAMS 0x0000000085700000, 0x0000000085600000| Untracked 
|  11|0x0000000085700000, 0x0000000085800000, 0x0000000085800000|100%| O|  |TAMS 0x0000000085800000, 0x0000000085700000| Untracked 
|  12|0x0000000085800000, 0x0000000085800000, 0x0000000085900000|  0%| F|  |TAMS 0x0000000085800000, 0x0000000085800000| Untracked 
|  13|0x0000000085900000, 0x0000000085a00000, 0x0000000085a00000|100%| O|  |TAMS 0x0000000085a00000, 0x0000000085900000| Untracked 
|  14|0x0000000085a00000, 0x0000000085b00000, 0x0000000085b00000|100%| O|  |TAMS 0x0000000085b00000, 0x0000000085a00000| Untracked 
|  15|0x0000000085b00000, 0x0000000085c00000, 0x0000000085c00000|100%| O|  |TAMS 0x0000000085bc2e00, 0x0000000085b00000| Untracked 
|  16|0x0000000085c00000, 0x0000000085d00000, 0x0000000085d00000|100%| O|  |TAMS 0x0000000085c00000, 0x0000000085c00000| Untracked 
|  17|0x0000000085d00000, 0x0000000085e00000, 0x0000000085e00000|100%| O|  |TAMS 0x0000000085d00000, 0x0000000085d00000| Untracked 
|  18|0x0000000085e00000, 0x0000000085f00000, 0x0000000085f00000|100%| O|  |TAMS 0x0000000085e00000, 0x0000000085e00000| Untracked 
|  19|0x0000000085f00000, 0x0000000085f2aa00, 0x0000000086000000| 16%| O|  |TAMS 0x0000000085f00000, 0x0000000085f00000| Untracked 
|  20|0x0000000086000000, 0x0000000086000000, 0x0000000086100000|  0%| F|  |TAMS 0x0000000086000000, 0x0000000086000000| Untracked 
|  21|0x0000000086100000, 0x0000000086100000, 0x0000000086200000|  0%| F|  |TAMS 0x0000000086100000, 0x0000000086100000| Untracked 
|  22|0x0000000086200000, 0x0000000086200000, 0x0000000086300000|  0%| F|  |TAMS 0x0000000086200000, 0x0000000086200000| Untracked 
|  23|0x0000000086300000, 0x0000000086300000, 0x0000000086400000|  0%| F|  |TAMS 0x0000000086300000, 0x0000000086300000| Untracked 
|  24|0x0000000086400000, 0x0000000086400000, 0x0000000086500000|  0%| F|  |TAMS 0x0000000086400000, 0x0000000086400000| Untracked 
|  25|0x0000000086500000, 0x0000000086500000, 0x0000000086600000|  0%| F|  |TAMS 0x0000000086500000, 0x0000000086500000| Untracked 
|  26|0x0000000086600000, 0x0000000086600000, 0x0000000086700000|  0%| F|  |TAMS 0x0000000086600000, 0x0000000086600000| Untracked 
|  27|0x0000000086700000, 0x000000008672f010, 0x0000000086800000| 18%| S|CS|TAMS 0x0000000086700000, 0x0000000086700000| Complete 
|  28|0x0000000086800000, 0x0000000086900000, 0x0000000086900000|100%| S|CS|TAMS 0x0000000086800000, 0x0000000086800000| Complete 
|  29|0x0000000086900000, 0x0000000086900000, 0x0000000086a00000|  0%| F|  |TAMS 0x0000000086900000, 0x0000000086900000| Untracked 
|  30|0x0000000086a00000, 0x0000000086a00000, 0x0000000086b00000|  0%| F|  |TAMS 0x0000000086a00000, 0x0000000086a00000| Untracked 
|  31|0x0000000086b00000, 0x0000000086b00000, 0x0000000086c00000|  0%| F|  |TAMS 0x0000000086b00000, 0x0000000086b00000| Untracked 
|  32|0x0000000086c00000, 0x0000000086c00000, 0x0000000086d00000|  0%| F|  |TAMS 0x0000000086c00000, 0x0000000086c00000| Untracked 
|  33|0x0000000086d00000, 0x0000000086d00000, 0x0000000086e00000|  0%| F|  |TAMS 0x0000000086d00000, 0x0000000086d00000| Untracked 
|  34|0x0000000086e00000, 0x0000000086e00000, 0x0000000086f00000|  0%| F|  |TAMS 0x0000000086e00000, 0x0000000086e00000| Untracked 
|  35|0x0000000086f00000, 0x0000000086f00000, 0x0000000087000000|  0%| F|  |TAMS 0x0000000086f00000, 0x0000000086f00000| Untracked 
|  36|0x0000000087000000, 0x0000000087000000, 0x0000000087100000|  0%| F|  |TAMS 0x0000000087000000, 0x0000000087000000| Untracked 
|  37|0x0000000087100000, 0x0000000087100000, 0x0000000087200000|  0%| F|  |TAMS 0x0000000087100000, 0x0000000087100000| Untracked 
|  38|0x0000000087200000, 0x0000000087200000, 0x0000000087300000|  0%| F|  |TAMS 0x0000000087200000, 0x0000000087200000| Untracked 
|  39|0x0000000087300000, 0x0000000087300000, 0x0000000087400000|  0%| F|  |TAMS 0x0000000087300000, 0x0000000087300000| Untracked 
|  40|0x0000000087400000, 0x0000000087400000, 0x0000000087500000|  0%| F|  |TAMS 0x0000000087400000, 0x0000000087400000| Untracked 
|  41|0x0000000087500000, 0x0000000087500000, 0x0000000087600000|  0%| F|  |TAMS 0x0000000087500000, 0x0000000087500000| Untracked 
|  42|0x0000000087600000, 0x0000000087600000, 0x0000000087700000|  0%| F|  |TAMS 0x0000000087600000, 0x0000000087600000| Untracked 
|  43|0x0000000087700000, 0x0000000087700000, 0x0000000087800000|  0%| F|  |TAMS 0x0000000087700000, 0x0000000087700000| Untracked 
|  44|0x0000000087800000, 0x0000000087800000, 0x0000000087900000|  0%| F|  |TAMS 0x0000000087800000, 0x0000000087800000| Untracked 
|  45|0x0000000087900000, 0x0000000087900000, 0x0000000087a00000|  0%| F|  |TAMS 0x0000000087900000, 0x0000000087900000| Untracked 
|  46|0x0000000087a00000, 0x0000000087a00000, 0x0000000087b00000|  0%| F|  |TAMS 0x0000000087a00000, 0x0000000087a00000| Untracked 
|  47|0x0000000087b00000, 0x0000000087b00000, 0x0000000087c00000|  0%| F|  |TAMS 0x0000000087b00000, 0x0000000087b00000| Untracked 
|  48|0x0000000087c00000, 0x0000000087c00000, 0x0000000087d00000|  0%| F|  |TAMS 0x0000000087c00000, 0x0000000087c00000| Untracked 
|  49|0x0000000087d00000, 0x0000000087d00000, 0x0000000087e00000|  0%| F|  |TAMS 0x0000000087d00000, 0x0000000087d00000| Untracked 
|  50|0x0000000087e00000, 0x0000000087e00000, 0x0000000087f00000|  0%| F|  |TAMS 0x0000000087e00000, 0x0000000087e00000| Untracked 
|  51|0x0000000087f00000, 0x0000000087f00000, 0x0000000088000000|  0%| F|  |TAMS 0x0000000087f00000, 0x0000000087f00000| Untracked 
|  52|0x0000000088000000, 0x0000000088000000, 0x0000000088100000|  0%| F|  |TAMS 0x0000000088000000, 0x0000000088000000| Untracked 
|  53|0x0000000088100000, 0x0000000088100000, 0x0000000088200000|  0%| F|  |TAMS 0x0000000088100000, 0x0000000088100000| Untracked 
|  54|0x0000000088200000, 0x0000000088200000, 0x0000000088300000|  0%| F|  |TAMS 0x0000000088200000, 0x0000000088200000| Untracked 
|  55|0x0000000088300000, 0x0000000088300000, 0x0000000088400000|  0%| F|  |TAMS 0x0000000088300000, 0x0000000088300000| Untracked 
|  56|0x0000000088400000, 0x0000000088400000, 0x0000000088500000|  0%| F|  |TAMS 0x0000000088400000, 0x0000000088400000| Untracked 
|  57|0x0000000088500000, 0x0000000088500000, 0x0000000088600000|  0%| F|  |TAMS 0x0000000088500000, 0x0000000088500000| Untracked 
|  58|0x0000000088600000, 0x0000000088600000, 0x0000000088700000|  0%| F|  |TAMS 0x0000000088600000, 0x0000000088600000| Untracked 
|  59|0x0000000088700000, 0x0000000088700000, 0x0000000088800000|  0%| F|  |TAMS 0x0000000088700000, 0x0000000088700000| Untracked 
|  60|0x0000000088800000, 0x00000000888e4d50, 0x0000000088900000| 89%| E|  |TAMS 0x0000000088800000, 0x0000000088800000| Complete 
|  61|0x0000000088900000, 0x0000000088a00000, 0x0000000088a00000|100%| E|CS|TAMS 0x0000000088900000, 0x0000000088900000| Complete 
|  62|0x0000000088a00000, 0x0000000088b00000, 0x0000000088b00000|100%| E|CS|TAMS 0x0000000088a00000, 0x0000000088a00000| Complete 
|  63|0x0000000088b00000, 0x0000000088c00000, 0x0000000088c00000|100%| E|CS|TAMS 0x0000000088b00000, 0x0000000088b00000| Complete 
|  64|0x0000000088c00000, 0x0000000088d00000, 0x0000000088d00000|100%| E|CS|TAMS 0x0000000088c00000, 0x0000000088c00000| Complete 
|  65|0x0000000088d00000, 0x0000000088e00000, 0x0000000088e00000|100%| E|CS|TAMS 0x0000000088d00000, 0x0000000088d00000| Complete 
|  66|0x0000000088e00000, 0x0000000088f00000, 0x0000000088f00000|100%| E|CS|TAMS 0x0000000088e00000, 0x0000000088e00000| Complete 
|  67|0x0000000088f00000, 0x0000000089000000, 0x0000000089000000|100%| E|CS|TAMS 0x0000000088f00000, 0x0000000088f00000| Complete 
|  68|0x0000000089000000, 0x0000000089100000, 0x0000000089100000|100%| E|CS|TAMS 0x0000000089000000, 0x0000000089000000| Complete 
|  69|0x0000000089100000, 0x0000000089200000, 0x0000000089200000|100%| E|CS|TAMS 0x0000000089100000, 0x0000000089100000| Complete 
|  70|0x0000000089200000, 0x0000000089300000, 0x0000000089300000|100%| E|CS|TAMS 0x0000000089200000, 0x0000000089200000| Complete 
|  71|0x0000000089300000, 0x0000000089400000, 0x0000000089400000|100%| E|CS|TAMS 0x0000000089300000, 0x0000000089300000| Complete 
|  72|0x0000000089400000, 0x0000000089500000, 0x0000000089500000|100%| E|CS|TAMS 0x0000000089400000, 0x0000000089400000| Complete 
|  73|0x0000000089500000, 0x0000000089600000, 0x0000000089600000|100%| E|CS|TAMS 0x0000000089500000, 0x0000000089500000| Complete 
|  74|0x0000000089600000, 0x0000000089700000, 0x0000000089700000|100%| E|CS|TAMS 0x0000000089600000, 0x0000000089600000| Complete 
|  75|0x0000000089700000, 0x0000000089800000, 0x0000000089800000|100%| E|CS|TAMS 0x0000000089700000, 0x0000000089700000| Complete 
|  76|0x0000000089800000, 0x0000000089900000, 0x0000000089900000|100%| E|CS|TAMS 0x0000000089800000, 0x0000000089800000| Complete 
|  77|0x0000000089900000, 0x0000000089a00000, 0x0000000089a00000|100%| E|CS|TAMS 0x0000000089900000, 0x0000000089900000| Complete 
|  78|0x0000000089a00000, 0x0000000089b00000, 0x0000000089b00000|100%| E|CS|TAMS 0x0000000089a00000, 0x0000000089a00000| Complete 
|  79|0x0000000089b00000, 0x0000000089c00000, 0x0000000089c00000|100%| E|CS|TAMS 0x0000000089b00000, 0x0000000089b00000| Complete 
|  80|0x0000000089c00000, 0x0000000089d00000, 0x0000000089d00000|100%| E|CS|TAMS 0x0000000089c00000, 0x0000000089c00000| Complete 
|  81|0x0000000089d00000, 0x0000000089e00000, 0x0000000089e00000|100%| E|CS|TAMS 0x0000000089d00000, 0x0000000089d00000| Complete 
|  82|0x0000000089e00000, 0x0000000089f00000, 0x0000000089f00000|100%| E|CS|TAMS 0x0000000089e00000, 0x0000000089e00000| Complete 
|  83|0x0000000089f00000, 0x000000008a000000, 0x000000008a000000|100%| E|CS|TAMS 0x0000000089f00000, 0x0000000089f00000| Complete 
|  84|0x000000008a000000, 0x000000008a100000, 0x000000008a100000|100%| E|CS|TAMS 0x000000008a000000, 0x000000008a000000| Complete 
|  85|0x000000008a100000, 0x000000008a200000, 0x000000008a200000|100%| E|CS|TAMS 0x000000008a100000, 0x000000008a100000| Complete 
|  86|0x000000008a200000, 0x000000008a300000, 0x000000008a300000|100%| E|CS|TAMS 0x000000008a200000, 0x000000008a200000| Complete 
|  87|0x000000008a300000, 0x000000008a400000, 0x000000008a400000|100%| E|CS|TAMS 0x000000008a300000, 0x000000008a300000| Complete 
|  88|0x000000008a400000, 0x000000008a500000, 0x000000008a500000|100%| E|CS|TAMS 0x000000008a400000, 0x000000008a400000| Complete 
| 123|0x000000008c700000, 0x000000008c800000, 0x000000008c800000|100%| E|CS|TAMS 0x000000008c700000, 0x000000008c700000| Complete 

Card table byte_map: [0x000001c168b50000,0x000001c168f30000] _byte_map_base: 0x000001c16872a000

Marking Bits (Prev, Next): (CMBitMap*) 0x000001c14f626170, (CMBitMap*) 0x000001c14f6261b0
 Prev Bits: [0x000001c169310000, 0x000001c16b1e0000)
 Next Bits: [0x000001c16b1e0000, 0x000001c16d0b0000)

Polling page: 0x000001c14f690000

Metaspace:

Usage:
  Non-class:     44.35 MB used.
      Class:      6.75 MB used.
       Both:     51.09 MB used.

Virtual space:
  Non-class space:       64.00 MB reserved,      44.62 MB ( 70%) committed,  1 nodes.
      Class space:        1.00 GB reserved,       7.00 MB ( <1%) committed,  1 nodes.
             Both:        1.06 GB reserved,      51.62 MB (  5%) committed. 

Chunk freelists:
   Non-Class:  3.05 MB
       Class:  1.03 MB
        Both:  4.08 MB

MaxMetaspaceSize: unlimited
CompressedClassSpaceSize: 1.00 GB
Initial GC threshold: 21.00 MB
Current GC threshold: 59.00 MB
CDS: on
MetaspaceReclaimPolicy: balanced
 - commit_granule_bytes: 65536.
 - commit_granule_words: 8192.
 - virtual_space_node_default_size: 8388608.
 - enlarge_chunks_in_place: 1.
 - new_chunks_are_fully_committed: 0.
 - uncommit_free_chunks: 1.
 - use_allocation_guard: 0.


Internal statistics:

num_allocs_failed_limit: 6.
num_arena_births: 764.
num_arena_deaths: 0.
num_vsnodes_births: 2.
num_vsnodes_deaths: 0.
num_space_committed: 827.
num_space_uncommitted: 0.
num_chunks_returned_to_freelist: 6.
num_chunks_taken_from_freelist: 2609.
num_chunk_merges: 6.
num_chunk_splits: 1892.
num_chunks_enlarged: 1547.
num_inconsistent_stats: 0.

CodeHeap 'non-profiled nmethods': size=120000Kb used=2380Kb max_used=3049Kb free=117619Kb
 bounds [0x000001c1607d0000, 0x000001c160ad0000, 0x000001c167d00000]
CodeHeap 'profiled nmethods': size=120000Kb used=7262Kb max_used=9502Kb free=112737Kb
 bounds [0x000001c158d00000, 0x000001c159650000, 0x000001c160230000]
CodeHeap 'non-nmethods': size=5760Kb used=1407Kb max_used=1438Kb free=4352Kb
 bounds [0x000001c160230000, 0x000001c1604a0000, 0x000001c1607d0000]
 total_blobs=4518 nmethods=3883 adapters=542
 compilation: enabled
              stopped_count=0, restarted_count=0
 full_count=0

Compilation events (20 events):
Event: 4.224 Thread 0x000001c16fb743a0 4663   !   4       org.springframework.util.ClassUtils::getMostSpecificMethod (72 bytes)
Event: 4.225 Thread 0x000001c16fb73e10 4664       4       org.springframework.core.MethodClassKey::hashCode (30 bytes)
Event: 4.227 Thread 0x000001c16fb75450 4666       3       org.springframework.beans.support.ResourceEditorRegistrar::doRegisterEditor (32 bytes)
Event: 4.227 Thread 0x000001c16fb75450 nmethod 4666 0x000001c159644290 code [0x000001c1596444a0, 0x000001c159644cd8]
Event: 4.229 Thread 0x000001c16fb75450 4667       3       org.springframework.core.MethodParameter::getParameterType (48 bytes)
Event: 4.229 Thread 0x000001c16fb75450 nmethod 4667 0x000001c159644f10 code [0x000001c159645100, 0x000001c1596456f8]
Event: 4.229 Thread 0x000001c16fb75450 4668       3       java.lang.ThreadLocal$ThreadLocalMap::cleanSomeSlots (61 bytes)
Event: 4.229 Thread 0x000001c16fb75450 nmethod 4668 0x000001c159645890 code [0x000001c159645a80, 0x000001c159645fb8]
Event: 4.229 Thread 0x000001c16fb75450 4669       1       org.springframework.context.annotation.CommonAnnotationBeanPostProcessor::postProcessBeforeInstantiation (2 bytes)
Event: 4.230 Thread 0x000001c16fb75450 nmethod 4669 0x000001c160ac9390 code [0x000001c160ac9520, 0x000001c160ac95f8]
Event: 4.230 Thread 0x000001c16fb75450 4670       1       java.lang.ThreadLocal::initialValue (2 bytes)
Event: 4.230 Thread 0x000001c16fb75450 nmethod 4670 0x000001c160ac9690 code [0x000001c160ac9820, 0x000001c160ac98f8]
Event: 4.231 Thread 0x000001c16fb75450 4672       3       java.util.concurrent.ConcurrentHashMap::forEach (65 bytes)
Event: 4.231 Thread 0x000001c16fb75450 nmethod 4672 0x000001c159646210 code [0x000001c159646400, 0x000001c1596468b8]
Event: 4.231 Thread 0x000001c16fb75450 4673       3       org.springframework.core.SimpleAliasRegistry::retrieveAliases (18 bytes)
Event: 4.231 Thread 0x000001c16fb75450 nmethod 4673 0x000001c159646a90 code [0x000001c159646ca0, 0x000001c1596473f8]
Event: 4.231 Thread 0x000001c16fb75450 4674       3       org.springframework.core.SimpleAliasRegistry$$Lambda$485/0x00000008012c09d8::<init> (20 bytes)
Event: 4.232 Thread 0x000001c16fb75450 nmethod 4674 0x000001c159647690 code [0x000001c159647840, 0x000001c159647ab8]
Event: 4.233 Thread 0x000001c16fb73e10 nmethod 4664 0x000001c160ac9990 code [0x000001c160ac9b60, 0x000001c160aca150]
Event: 4.233 Thread 0x000001c16fb73e10 4671       4       org.springframework.core.ResolvableType::forType (115 bytes)

GC Heap History (20 events):
Event: 0.646 GC heap before
{Heap before GC invocations=0 (full 0):
 garbage-first heap   total 126976K, used 24576K [0x0000000084c00000, 0x0000000100000000)
  region size 1024K, 23 young (23552K), 0 survivors (0K)
 Metaspace       used 6582K, committed 6784K, reserved 1114112K
  class space    used 749K, committed 832K, reserved 1048576K
}
Event: 0.653 GC heap after
{Heap after GC invocations=1 (full 0):
 garbage-first heap   total 126976K, used 6688K [0x0000000084c00000, 0x0000000100000000)
  region size 1024K, 3 young (3072K), 3 survivors (3072K)
 Metaspace       used 6582K, committed 6784K, reserved 1114112K
  class space    used 749K, committed 832K, reserved 1048576K
}
Event: 1.024 GC heap before
{Heap before GC invocations=1 (full 0):
 garbage-first heap   total 126976K, used 35360K [0x0000000084c00000, 0x0000000100000000)
  region size 1024K, 32 young (32768K), 3 survivors (3072K)
 Metaspace       used 14318K, committed 14592K, reserved 1114112K
  class space    used 1677K, committed 1792K, reserved 1048576K
}
Event: 1.030 GC heap after
{Heap after GC invocations=2 (full 0):
 garbage-first heap   total 126976K, used 9086K [0x0000000084c00000, 0x0000000100000000)
  region size 1024K, 3 young (3072K), 3 survivors (3072K)
 Metaspace       used 14318K, committed 14592K, reserved 1114112K
  class space    used 1677K, committed 1792K, reserved 1048576K
}
Event: 1.788 GC heap before
{Heap before GC invocations=2 (full 0):
 garbage-first heap   total 126976K, used 49022K [0x0000000084c00000, 0x0000000100000000)
  region size 1024K, 44 young (45056K), 3 survivors (3072K)
 Metaspace       used 21148K, committed 21504K, reserved 1114112K
  class space    used 2513K, committed 2688K, reserved 1048576K
}
Event: 1.796 GC heap after
{Heap after GC invocations=3 (full 0):
 garbage-first heap   total 126976K, used 12648K [0x0000000084c00000, 0x0000000100000000)
  region size 1024K, 6 young (6144K), 6 survivors (6144K)
 Metaspace       used 21148K, committed 21504K, reserved 1114112K
  class space    used 2513K, committed 2688K, reserved 1048576K
}
Event: 2.292 GC heap before
{Heap before GC invocations=4 (full 0):
 garbage-first heap   total 48128K, used 35176K [0x0000000084c00000, 0x0000000100000000)
  region size 1024K, 28 young (28672K), 6 survivors (6144K)
 Metaspace       used 26149K, committed 26560K, reserved 1114112K
  class space    used 3180K, committed 3392K, reserved 1048576K
}
Event: 2.302 GC heap after
{Heap after GC invocations=5 (full 0):
 garbage-first heap   total 48128K, used 15066K [0x0000000084c00000, 0x0000000100000000)
  region size 1024K, 3 young (3072K), 3 survivors (3072K)
 Metaspace       used 26149K, committed 26560K, reserved 1114112K
  class space    used 3180K, committed 3392K, reserved 1048576K
}
Event: 2.323 GC heap before
{Heap before GC invocations=5 (full 0):
 garbage-first heap   total 48128K, used 16090K [0x0000000084c00000, 0x0000000100000000)
  region size 1024K, 4 young (4096K), 3 survivors (3072K)
 Metaspace       used 26350K, committed 26816K, reserved 1114112K
  class space    used 3204K, committed 3392K, reserved 1048576K
}
Event: 2.328 GC heap after
{Heap after GC invocations=6 (full 0):
 garbage-first heap   total 48128K, used 15740K [0x0000000084c00000, 0x0000000100000000)
  region size 1024K, 1 young (1024K), 1 survivors (1024K)
 Metaspace       used 26350K, committed 26816K, reserved 1114112K
  class space    used 3204K, committed 3392K, reserved 1048576K
}
Event: 2.650 GC heap before
{Heap before GC invocations=6 (full 0):
 garbage-first heap   total 48128K, used 33148K [0x0000000084c00000, 0x0000000100000000)
  region size 1024K, 19 young (19456K), 1 survivors (1024K)
 Metaspace       used 30101K, committed 30528K, reserved 1114112K
  class space    used 3703K, committed 3904K, reserved 1048576K
}
Event: 2.653 GC heap after
{Heap after GC invocations=7 (full 0):
 garbage-first heap   total 48128K, used 16732K [0x0000000084c00000, 0x0000000100000000)
  region size 1024K, 2 young (2048K), 2 survivors (2048K)
 Metaspace       used 30101K, committed 30528K, reserved 1114112K
  class space    used 3703K, committed 3904K, reserved 1048576K
}
Event: 2.995 GC heap before
{Heap before GC invocations=7 (full 0):
 garbage-first heap   total 48128K, used 32092K [0x0000000084c00000, 0x0000000100000000)
  region size 1024K, 19 young (19456K), 2 survivors (2048K)
 Metaspace       used 35453K, committed 35968K, reserved 1114112K
  class space    used 4484K, committed 4736K, reserved 1048576K
}
Event: 2.998 GC heap after
{Heap after GC invocations=8 (full 0):
 garbage-first heap   total 48128K, used 17807K [0x0000000084c00000, 0x0000000100000000)
  region size 1024K, 3 young (3072K), 3 survivors (3072K)
 Metaspace       used 35453K, committed 35968K, reserved 1114112K
  class space    used 4484K, committed 4736K, reserved 1048576K
}
Event: 3.361 GC heap before
{Heap before GC invocations=9 (full 0):
 garbage-first heap   total 48128K, used 35215K [0x0000000084c00000, 0x0000000100000000)
  region size 1024K, 21 young (21504K), 3 survivors (3072K)
 Metaspace       used 40740K, committed 41280K, reserved 1114112K
  class space    used 5120K, committed 5376K, reserved 1048576K
}
Event: 3.363 GC heap after
{Heap after GC invocations=10 (full 0):
 garbage-first heap   total 48128K, used 18852K [0x0000000084c00000, 0x0000000100000000)
  region size 1024K, 3 young (3072K), 3 survivors (3072K)
 Metaspace       used 40740K, committed 41280K, reserved 1114112K
  class space    used 5120K, committed 5376K, reserved 1048576K
}
Event: 3.386 GC heap before
{Heap before GC invocations=10 (full 0):
 garbage-first heap   total 48128K, used 19876K [0x0000000084c00000, 0x0000000100000000)
  region size 1024K, 4 young (4096K), 3 survivors (3072K)
 Metaspace       used 41025K, committed 41472K, reserved 1114112K
  class space    used 5162K, committed 5376K, reserved 1048576K
}
Event: 3.389 GC heap after
{Heap after GC invocations=11 (full 0):
 garbage-first heap   total 48128K, used 18945K [0x0000000084c00000, 0x0000000100000000)
  region size 1024K, 1 young (1024K), 1 survivors (1024K)
 Metaspace       used 41025K, committed 41472K, reserved 1114112K
  class space    used 5162K, committed 5376K, reserved 1048576K
}
Event: 3.711 GC heap before
{Heap before GC invocations=11 (full 0):
 garbage-first heap   total 48128K, used 35329K [0x0000000084c00000, 0x0000000100000000)
  region size 1024K, 18 young (18432K), 1 survivors (1024K)
 Metaspace       used 46271K, committed 46784K, reserved 1114112K
  class space    used 6025K, committed 6272K, reserved 1048576K
}
Event: 3.713 GC heap after
{Heap after GC invocations=12 (full 0):
 garbage-first heap   total 92160K, used 19814K [0x0000000084c00000, 0x0000000100000000)
  region size 1024K, 2 young (2048K), 2 survivors (2048K)
 Metaspace       used 46271K, committed 46784K, reserved 1114112K
  class space    used 6025K, committed 6272K, reserved 1048576K
}

Dll operation events (13 events):
Event: 0.006 Loaded shared library C:\Program Files\Java\jdk-19\bin\java.dll
Event: 0.016 Loaded shared library C:\Program Files\Java\jdk-19\bin\jsvml.dll
Event: 0.103 Loaded shared library C:\Program Files\Java\jdk-19\bin\zip.dll
Event: 0.105 Loaded shared library C:\Program Files\Java\jdk-19\bin\instrument.dll
Event: 0.111 Loaded shared library C:\Program Files\Java\jdk-19\bin\net.dll
Event: 0.112 Loaded shared library C:\Program Files\Java\jdk-19\bin\nio.dll
Event: 0.115 Loaded shared library C:\Program Files\Java\jdk-19\bin\zip.dll
Event: 0.179 Loaded shared library C:\Program Files\Java\jdk-19\bin\extnet.dll
Event: 0.207 Loaded shared library C:\Program Files\Java\jdk-19\bin\jimage.dll
Event: 2.338 Loaded shared library C:\Program Files\Java\jdk-19\bin\sunmscapi.dll
Event: 2.355 Loaded shared library C:\Program Files\Java\jdk-19\bin\management.dll
Event: 2.356 Loaded shared library C:\Program Files\Java\jdk-19\bin\management_ext.dll
Event: 2.749 Loaded shared library C:\Program Files\Java\jdk-19\bin\verify.dll

Deoptimization events (20 events):
Event: 4.030 Thread 0x000001c14f5cc490 Uncommon trap: trap_request=0xffffffde fr.pc=0x000001c1609cf940 relative=0x0000000000003a60
Event: 4.030 Thread 0x000001c14f5cc490 Uncommon trap: reason=class_check action=maybe_recompile pc=0x000001c1609cf940 method=org.springframework.core.annotation.AnnotationsScanner.processMethodHierarchy(Ljava/lang/Object;[ILjava/lang/Class;Lorg/springframework/core/annotation/AnnotationsProces
Event: 4.030 Thread 0x000001c14f5cc490 DEOPT PACKING pc=0x000001c1609cf940 sp=0x000000446affd7e0
Event: 4.030 Thread 0x000001c14f5cc490 DEOPT UNPACKING pc=0x000001c16029a5a3 sp=0x000000446affd7f8 mode 2
Event: 4.048 Thread 0x000001c14f5cc490 Uncommon trap: trap_request=0xffffff45 fr.pc=0x000001c16095a7ac relative=0x000000000000370c
Event: 4.048 Thread 0x000001c14f5cc490 Uncommon trap: reason=unstable_if action=reinterpret pc=0x000001c16095a7ac method=org.springframework.beans.factory.support.AbstractBeanFactory.isTypeMatch(Ljava/lang/String;Lorg/springframework/core/ResolvableType;Z)Z @ 571 c2
Event: 4.048 Thread 0x000001c14f5cc490 DEOPT PACKING pc=0x000001c16095a7ac sp=0x000000446affbcf0
Event: 4.048 Thread 0x000001c14f5cc490 DEOPT UNPACKING pc=0x000001c16029a5a3 sp=0x000000446affbca8 mode 2
Event: 4.092 Thread 0x000001c14f5cc490 Uncommon trap: trap_request=0xffffff45 fr.pc=0x000001c160a67e94 relative=0x0000000000000e34
Event: 4.092 Thread 0x000001c14f5cc490 Uncommon trap: reason=unstable_if action=reinterpret pc=0x000001c160a67e94 method=java.util.concurrent.ConcurrentHashMap.putVal(Ljava/lang/Object;Ljava/lang/Object;Z)Ljava/lang/Object; @ 401 c2
Event: 4.092 Thread 0x000001c14f5cc490 DEOPT PACKING pc=0x000001c160a67e94 sp=0x000000446affb340
Event: 4.092 Thread 0x000001c14f5cc490 DEOPT UNPACKING pc=0x000001c16029a5a3 sp=0x000000446affb2d0 mode 2
Event: 4.093 Thread 0x000001c14f5cc490 Uncommon trap: trap_request=0xffffff45 fr.pc=0x000001c1609b94e4 relative=0x0000000000000244
Event: 4.093 Thread 0x000001c14f5cc490 Uncommon trap: reason=unstable_if action=reinterpret pc=0x000001c1609b94e4 method=java.util.concurrent.ConcurrentHashMap.get(Ljava/lang/Object;)Ljava/lang/Object; @ 86 c2
Event: 4.093 Thread 0x000001c14f5cc490 DEOPT PACKING pc=0x000001c1609b94e4 sp=0x000000446affb3e0
Event: 4.093 Thread 0x000001c14f5cc490 DEOPT UNPACKING pc=0x000001c16029a5a3 sp=0x000000446affb348 mode 2
Event: 4.107 Thread 0x000001c14f5cc490 Uncommon trap: trap_request=0xffffff76 fr.pc=0x000001c160ab6eb4 relative=0x00000000000008d4
Event: 4.107 Thread 0x000001c14f5cc490 Uncommon trap: reason=predicate action=maybe_recompile pc=0x000001c160ab6eb4 method=java.util.AbstractCollection.toArray([Ljava/lang/Object;)[Ljava/lang/Object; @ 43 c2
Event: 4.107 Thread 0x000001c14f5cc490 DEOPT PACKING pc=0x000001c160ab6eb4 sp=0x000000446affa800
Event: 4.107 Thread 0x000001c14f5cc490 DEOPT UNPACKING pc=0x000001c16029a5a3 sp=0x000000446affa7c8 mode 2

Classes loaded (20 events):
Event: 4.079 Loading class java/util/EnumMap$EntryIterator
Event: 4.079 Loading class java/util/EnumMap$EnumMapIterator
Event: 4.079 Loading class java/util/EnumMap$EnumMapIterator done
Event: 4.079 Loading class java/util/EnumMap$EntryIterator done
Event: 4.080 Loading class java/lang/SafeVarargs
Event: 4.080 Loading class java/lang/SafeVarargs done
Event: 4.082 Loading class java/lang/reflect/MalformedParametersException
Event: 4.082 Loading class java/lang/reflect/MalformedParametersException done
Event: 4.092 Loading class java/util/concurrent/ConcurrentHashMap$TreeNode
Event: 4.092 Loading class java/util/concurrent/ConcurrentHashMap$TreeNode done
Event: 4.092 Loading class java/util/concurrent/ConcurrentHashMap$TreeBin
Event: 4.092 Loading class java/util/concurrent/ConcurrentHashMap$TreeBin done
Event: 4.146 Loading class java/nio/charset/UnsupportedCharsetException
Event: 4.146 Loading class java/nio/charset/UnsupportedCharsetException done
Event: 4.205 Loading class java/util/regex/PatternSyntaxException
Event: 4.205 Loading class java/util/regex/PatternSyntaxException done
Event: 4.209 Loading class java/util/Comparators$NullComparator
Event: 4.209 Loading class java/util/Comparators$NullComparator done
Event: 4.221 Loading class java/util/HashMap$EntrySpliterator
Event: 4.221 Loading class java/util/HashMap$EntrySpliterator done

Classes unloaded (0 events):
No events

Classes redefined (0 events):
No events

Internal exceptions (20 events):
Event: 3.136 Thread 0x000001c14f5cc490 Exception <a 'java/lang/NoSuchMethodError'{0x000000008963f9c0}: 'java.lang.Object java.lang.invoke.DirectMethodHandle$Holder.invokeStaticInit(java.lang.Object, java.lang.Object, java.lang.Object, java.lang.Object)'> (0x000000008963f9c0) 
thrown [s\open\src\hotspot\share\interpreter\linkResolver.cpp, line 774]
Event: 3.197 Thread 0x000001c1762ab050 Implicit null exception at 0x000001c160a00a35 to 0x000001c160a01217
Event: 3.341 Thread 0x000001c1762ab050 Implicit null exception at 0x000001c160a1e63b to 0x000001c160a28434
Event: 3.421 Thread 0x000001c14f5cc490 Exception <a 'java/lang/IncompatibleClassChangeError'{0x0000000089aad830}: Found class java.lang.Object, but interface was expected> (0x0000000089aad830) 
thrown [s\open\src\hotspot\share\interpreter\linkResolver.cpp, line 841]
Event: 3.437 Thread 0x000001c14f5cc490 Exception <a 'java/lang/NoSuchMethodError'{0x00000000899757b0}: 'java.lang.Object java.lang.invoke.DirectMethodHandle$Holder.invokeStatic(java.lang.Object, java.lang.Object, int, java.lang.Object)'> (0x00000000899757b0) 
thrown [s\open\src\hotspot\share\interpreter\linkResolver.cpp, line 774]
Event: 3.438 Thread 0x000001c14f5cc490 Exception <a 'java/lang/NoSuchMethodError'{0x0000000089979250}: 'java.lang.Object java.lang.invoke.DirectMethodHandle$Holder.invokeStaticInit(java.lang.Object, java.lang.Object, int, java.lang.Object)'> (0x0000000089979250) 
thrown [s\open\src\hotspot\share\interpreter\linkResolver.cpp, line 774]
Event: 3.807 Thread 0x000001c14f5cc490 Exception <a 'java/lang/NoSuchMethodError'{0x000000008a021700}: 'void java.lang.invoke.DirectMethodHandle$Holder.invokeInterface(java.lang.Object, java.lang.Object, int, java.lang.Object)'> (0x000000008a021700) 
thrown [s\open\src\hotspot\share\interpreter\linkResolver.cpp, line 774]
Event: 3.810 Thread 0x000001c14f5cc490 Exception <a 'java/lang/NoSuchMethodError'{0x000000008a047340}: 'java.lang.Object java.lang.invoke.DirectMethodHandle$Holder.newInvokeSpecial(java.lang.Object, java.lang.Object, int, java.lang.Object)'> (0x000000008a047340) 
thrown [s\open\src\hotspot\share\interpreter\linkResolver.cpp, line 774]
Event: 3.810 Thread 0x000001c14f5cc490 Exception <a 'java/lang/NoSuchMethodError'{0x000000008a04af28}: 'java.lang.Object java.lang.invoke.Invokers$Holder.linkToTargetMethod(java.lang.Object, int, java.lang.Object, java.lang.Object)'> (0x000000008a04af28) 
thrown [s\open\src\hotspot\share\interpreter\linkResolver.cpp, line 774]
Event: 3.844 Thread 0x000001c14f5cc490 Exception <a 'java/lang/NoSuchMethodError'{0x0000000089e0b578}: 'int java.lang.invoke.DirectMethodHandle$Holder.invokeStatic(java.lang.Object, int, java.lang.Object)'> (0x0000000089e0b578) 
thrown [s\open\src\hotspot\share\interpreter\linkResolver.cpp, line 774]
Event: 3.846 Thread 0x000001c14f5cc490 Exception <a 'java/lang/NoSuchMethodError'{0x0000000089e27a18}: 'java.lang.Object java.lang.invoke.DirectMethodHandle$Holder.newInvokeSpecial(java.lang.Object, java.lang.Object, java.lang.Object, java.lang.Object, java.lang.Object, int)'> (0x0000000089e27a18) 
thrown [s\open\src\hotspot\share\interpreter\linkResolver.cpp, line 774]
Event: 3.847 Thread 0x000001c14f5cc490 Exception <a 'java/lang/NoSuchMethodError'{0x0000000089e2baf8}: 'java.lang.Object java.lang.invoke.Invokers$Holder.linkToTargetMethod(java.lang.Object, java.lang.Object, java.lang.Object, java.lang.Object, int, java.lang.Object)'> (0x0000000089e2baf8) 
thrown [s\open\src\hotspot\share\interpreter\linkResolver.cpp, line 774]
Event: 3.883 Thread 0x000001c14f5cc490 Exception <a 'java/lang/NoSuchMethodError'{0x0000000089dad900}: 'java.lang.Object java.lang.invoke.DirectMethodHandle$Holder.newInvokeSpecial(java.lang.Object, java.lang.Object, java.lang.Object, java.lang.Object, java.lang.Object, java.lang.Object)'> (0x0000000089dad900) 
thrown [s\open\src\hotspot\share\interpreter\linkResolver.cpp, line 774]
Event: 3.893 Thread 0x000001c14f5cc490 Exception <a 'java/lang/NoSuchMethodError'{0x0000000089c17298}: 'java.lang.Object java.lang.invoke.DirectMethodHandle$Holder.newInvokeSpecial(java.lang.Object, java.lang.Object, java.lang.Object, java.lang.Object, java.lang.Object, java.lang.Object, java.lang.Object, int)'> (0x0000000089c17298) 
thrown [s\open\src\hotspot\share\interpreter\linkResolver.cpp, line 774]
Event: 3.893 Thread 0x000001c14f5cc490 Exception <a 'java/lang/NoSuchMethodError'{0x0000000089c1c2a8}: 'java.lang.Object java.lang.invoke.DirectMethodHandle$Holder.invokeSpecial(java.lang.Object, java.lang.Object, java.lang.Object, java.lang.Object, java.lang.Object, java.lang.Object, java.lang.Object, java.lang.Object, int)'> (0x0000000089c1c2a8) 
thrown [s\open\src\hotspot\share\interpreter\linkResolver.cpp, line 774]
Event: 3.909 Thread 0x000001c14f5cc490 Exception <a 'java/lang/NoSuchMethodError'{0x0000000089b060d0}: 'void java.lang.invoke.DirectMethodHandle$Holder.invokeInterface(java.lang.Object, java.lang.Object)'> (0x0000000089b060d0) 
thrown [s\open\src\hotspot\share\interpreter\linkResolver.cpp, line 774]
Event: 3.967 Thread 0x000001c14f5cc490 Exception <a 'java/lang/NoSuchMethodError'{0x00000000898ee480}: 'void java.lang.invoke.Invokers$Holder.invokeExact_MT(java.lang.Object, java.lang.Object, java.lang.Object, java.lang.Object)'> (0x00000000898ee480) 
thrown [s\open\src\hotspot\share\interpreter\linkResolver.cpp, line 774]
Event: 4.003 Thread 0x000001c14f5cc490 Exception <a 'java/lang/NoSuchMethodError'{0x00000000896c5498}: 'java.lang.Object java.lang.invoke.DirectMethodHandle$Holder.newInvokeSpecial(java.lang.Object, java.lang.Object, java.lang.Object, java.lang.Object, java.lang.Object, java.lang.Object, java.lang.Object, java.lang.Object)'> (0x00000000896c5498) 
thrown [s\open\src\hotspot\share\interpreter\linkResolver.cpp, line 774]
Event: 4.092 Thread 0x000001c14f5cc490 Exception <a 'java/lang/IncompatibleClassChangeError'{0x00000000891caba8}: Found class java.lang.Object, but interface was expected> (0x00000000891caba8) 
thrown [s\open\src\hotspot\share\interpreter\linkResolver.cpp, line 841]
Event: 4.122 Thread 0x000001c14f5cc490 Exception <a 'java/lang/NoSuchMethodError'{0x0000000088fb4b00}: 'void java.lang.invoke.DirectMethodHandle$Holder.invokeVirtual(java.lang.Object, java.lang.Object, long)'> (0x0000000088fb4b00) 
thrown [s\open\src\hotspot\share\interpreter\linkResolver.cpp, line 774]

VM Operations (20 events):
Event: 3.361 Executing VM operation: G1CollectForAllocation
Event: 3.363 Executing VM operation: G1CollectForAllocation done
Event: 3.386 Executing VM operation: G1CollectForAllocation
Event: 3.389 Executing VM operation: G1CollectForAllocation done
Event: 3.624 Executing VM operation: HandshakeAllThreads
Event: 3.624 Executing VM operation: HandshakeAllThreads done
Event: 3.711 Executing VM operation: G1CollectForAllocation
Event: 3.713 Executing VM operation: G1CollectForAllocation done
Event: 4.048 Executing VM operation: ICBufferFull
Event: 4.048 Executing VM operation: ICBufferFull done
Event: 4.054 Executing VM operation: HandshakeAllThreads
Event: 4.054 Executing VM operation: HandshakeAllThreads done
Event: 4.137 Executing VM operation: HandshakeAllThreads
Event: 4.138 Executing VM operation: HandshakeAllThreads done
Event: 4.218 Executing VM operation: HandshakeAllThreads
Event: 4.218 Executing VM operation: HandshakeAllThreads done
Event: 4.218 Executing VM operation: HandshakeAllThreads
Event: 4.218 Executing VM operation: HandshakeAllThreads done
Event: 4.233 Executing VM operation: HandshakeAllThreads
Event: 4.233 Executing VM operation: HandshakeAllThreads done

Events (20 events):
Event: 4.234 Thread 0x000001c16fb83160 flushing nmethod 0x000001c1608cb990
Event: 4.234 Thread 0x000001c16fb83160 flushing nmethod 0x000001c1608cf010
Event: 4.234 Thread 0x000001c16fb83160 flushing nmethod 0x000001c1608d0810
Event: 4.234 Thread 0x000001c16fb83160 flushing nmethod 0x000001c1608e2a10
Event: 4.234 Thread 0x000001c16fb83160 flushing nmethod 0x000001c1608ed990
Event: 4.234 Thread 0x000001c16fb83160 flushing nmethod 0x000001c160900710
Event: 4.234 Thread 0x000001c16fb83160 flushing nmethod 0x000001c160930c90
Event: 4.234 Thread 0x000001c16fb83160 flushing nmethod 0x000001c160939810
Event: 4.234 Thread 0x000001c16fb83160 flushing nmethod 0x000001c158d00010
Event: 4.234 Thread 0x000001c16fb83160 flushing nmethod 0x000001c158d00990
Event: 4.234 Thread 0x000001c16fb83160 flushing nmethod 0x000001c158d00d10
Event: 4.234 Thread 0x000001c16fb83160 flushing nmethod 0x000001c158d01090
Event: 4.234 Thread 0x000001c16fb83160 flushing nmethod 0x000001c158d01410
Event: 4.234 Thread 0x000001c16fb83160 flushing nmethod 0x000001c158d01890
Event: 4.234 Thread 0x000001c16fb83160 flushing nmethod 0x000001c158d02290
Event: 4.234 Thread 0x000001c16fb83160 flushing nmethod 0x000001c158d02c10
Event: 4.234 Thread 0x000001c16fb83160 flushing nmethod 0x000001c158d03390
Event: 4.234 Thread 0x000001c16fb83160 flushing nmethod 0x000001c158d03910
Event: 4.234 Thread 0x000001c16fb83160 flushing nmethod 0x000001c158d03d90
Event: 4.234 Thread 0x000001c16fb83160 flushing nmethod 0x000001c158d04990


Dynamic libraries:
0x00007ff66dea0000 - 0x00007ff66deb0000 	C:\Program Files\Java\jdk-19\bin\java.exe
0x00007ffb71e70000 - 0x00007ffb72065000 	C:\Windows\SYSTEM32\ntdll.dll
0x00007ffb70af0000 - 0x00007ffb70bae000 	C:\Windows\System32\KERNEL32.DLL
0x00007ffb6f690000 - 0x00007ffb6f959000 	C:\Windows\System32\KERNELBASE.dll
0x00007ffb6faf0000 - 0x00007ffb6fbf0000 	C:\Windows\System32\ucrtbase.dll
0x00007ffb57e70000 - 0x00007ffb57e88000 	C:\Program Files\Java\jdk-19\bin\jli.dll
0x00007ffb5a500000 - 0x00007ffb5a51b000 	C:\Program Files\Java\jdk-19\bin\VCRUNTIME140.dll
0x00007ffb6fec0000 - 0x00007ffb6ff6c000 	C:\Windows\System32\ADVAPI32.dll
0x00007ffb70910000 - 0x00007ffb709ae000 	C:\Windows\System32\msvcrt.dll
0x00007ffb70c30000 - 0x00007ffb70ccb000 	C:\Windows\System32\sechost.dll
0x00007ffb70670000 - 0x00007ffb7079a000 	C:\Windows\System32\RPCRT4.dll
0x00007ffb71b90000 - 0x00007ffb71d31000 	C:\Windows\System32\USER32.dll
0x00007ffb59740000 - 0x00007ffb599da000 	C:\Windows\WinSxS\amd64_microsoft.windows.common-controls_6595b64144ccf1df_6.0.19041.1110_none_60b5254171f9507e\COMCTL32.dll
0x00007ffb6fbf0000 - 0x00007ffb6fc12000 	C:\Windows\System32\win32u.dll
0x00007ffb708e0000 - 0x00007ffb7090b000 	C:\Windows\System32\GDI32.dll
0x00007ffb6fdb0000 - 0x00007ffb6febb000 	C:\Windows\System32\gdi32full.dll
0x00007ffb6f5f0000 - 0x00007ffb6f68d000 	C:\Windows\System32\msvcp_win.dll
0x00007ffb68af0000 - 0x00007ffb68afa000 	C:\Windows\SYSTEM32\VERSION.dll
0x00007ffb71970000 - 0x00007ffb719a0000 	C:\Windows\System32\IMM32.DLL
0x00007ffb63190000 - 0x00007ffb6319c000 	C:\Program Files\Java\jdk-19\bin\vcruntime140_1.dll
0x00007ffb2c880000 - 0x00007ffb2c90e000 	C:\Program Files\Java\jdk-19\bin\msvcp140.dll
0x00007ffb19e70000 - 0x00007ffb1ab30000 	C:\Program Files\Java\jdk-19\bin\server\jvm.dll
0x00007ffb53d20000 - 0x00007ffb53d29000 	C:\Windows\SYSTEM32\WSOCK32.dll
0x00007ffb524a0000 - 0x00007ffb524c7000 	C:\Windows\SYSTEM32\WINMM.dll
0x00007ffb70bb0000 - 0x00007ffb70c1b000 	C:\Windows\System32\WS2_32.dll
0x00007ffb6de40000 - 0x00007ffb6de52000 	C:\Windows\SYSTEM32\kernel.appcore.dll
0x00007ffb62f80000 - 0x00007ffb62f8a000 	C:\Program Files\Java\jdk-19\bin\jimage.dll
0x00007ffb6d380000 - 0x00007ffb6d564000 	C:\Windows\SYSTEM32\DBGHELP.DLL
0x00007ffb54bc0000 - 0x00007ffb54bec000 	C:\Windows\SYSTEM32\dbgcore.DLL
0x00007ffb6fc70000 - 0x00007ffb6fcf3000 	C:\Windows\System32\bcryptPrimitives.dll
0x00007ffb6ae90000 - 0x00007ffb6ae9e000 	C:\Program Files\Java\jdk-19\bin\instrument.dll
0x00007ffb54a10000 - 0x00007ffb54a36000 	C:\Program Files\Java\jdk-19\bin\java.dll
0x00007ffb210d0000 - 0x00007ffb211a7000 	C:\Program Files\Java\jdk-19\bin\jsvml.dll
0x00007ffb70cd0000 - 0x00007ffb7140f000 	C:\Windows\System32\SHELL32.dll
0x00007ffb6d670000 - 0x00007ffb6de00000 	C:\Windows\SYSTEM32\windows.storage.dll
0x00007ffb70310000 - 0x00007ffb70665000 	C:\Windows\System32\combase.dll
0x00007ffb6efe0000 - 0x00007ffb6f00c000 	C:\Windows\SYSTEM32\Wldp.dll
0x00007ffb71ad0000 - 0x00007ffb71b7e000 	C:\Windows\System32\SHCORE.dll
0x00007ffb70800000 - 0x00007ffb70855000 	C:\Windows\System32\shlwapi.dll
0x00007ffb6f4d0000 - 0x00007ffb6f4ef000 	C:\Windows\SYSTEM32\profapi.dll
0x00007ffb4e9d0000 - 0x00007ffb4e9e8000 	C:\Program Files\Java\jdk-19\bin\zip.dll
0x00007ffb54ba0000 - 0x00007ffb54bb3000 	C:\Program Files\Java\jdk-19\bin\net.dll
0x00007ffb60b80000 - 0x00007ffb60c88000 	C:\Windows\SYSTEM32\WINHTTP.dll
0x00007ffb6ecd0000 - 0x00007ffb6ed3a000 	C:\Windows\system32\mswsock.dll
0x00007ffb53ae0000 - 0x00007ffb53af6000 	C:\Program Files\Java\jdk-19\bin\nio.dll
0x00007ffb5b070000 - 0x00007ffb5b078000 	C:\Program Files\Java\jdk-19\bin\extnet.dll
0x00007ffb6ef30000 - 0x00007ffb6ef48000 	C:\Windows\SYSTEM32\CRYPTSP.dll
0x00007ffb6e650000 - 0x00007ffb6e684000 	C:\Windows\system32\rsaenh.dll
0x00007ffb6f960000 - 0x00007ffb6f987000 	C:\Windows\System32\bcrypt.dll
0x00007ffb6f490000 - 0x00007ffb6f4be000 	C:\Windows\SYSTEM32\USERENV.dll
0x00007ffb6ef50000 - 0x00007ffb6ef5c000 	C:\Windows\SYSTEM32\CRYPTBASE.dll
0x00007ffb6e9c0000 - 0x00007ffb6e9fb000 	C:\Windows\SYSTEM32\IPHLPAPI.DLL
0x00007ffb70c20000 - 0x00007ffb70c28000 	C:\Windows\System32\NSI.dll
0x00007ffb64840000 - 0x00007ffb64857000 	C:\Windows\SYSTEM32\dhcpcsvc6.DLL
0x00007ffb65160000 - 0x00007ffb6517d000 	C:\Windows\SYSTEM32\dhcpcsvc.DLL
0x00007ffb6ea00000 - 0x00007ffb6eacc000 	C:\Windows\SYSTEM32\DNSAPI.dll
0x00007ffb6abd0000 - 0x00007ffb6abde000 	C:\Program Files\Java\jdk-19\bin\sunmscapi.dll
0x00007ffb6f990000 - 0x00007ffb6fae6000 	C:\Windows\System32\CRYPT32.dll
0x00007ffb6f050000 - 0x00007ffb6f077000 	C:\Windows\SYSTEM32\ncrypt.dll
0x00007ffb6f010000 - 0x00007ffb6f04b000 	C:\Windows\SYSTEM32\NTASN1.dll
0x00007ffb6ae70000 - 0x00007ffb6ae7a000 	C:\Program Files\Java\jdk-19\bin\management.dll
0x00007ffb6abe0000 - 0x00007ffb6abeb000 	C:\Program Files\Java\jdk-19\bin\management_ext.dll
0x00007ffb70ae0000 - 0x00007ffb70ae8000 	C:\Windows\System32\PSAPI.DLL
0x00007ffb53c90000 - 0x00007ffb53ca0000 	C:\Program Files\Java\jdk-19\bin\verify.dll
0x00007ffb64810000 - 0x00007ffb6481a000 	C:\Windows\System32\rasadhlp.dll
0x00007ffb59f30000 - 0x00007ffb59faf000 	C:\Windows\System32\fwpuclnt.dll

dbghelp: loaded successfully - version: 4.0.5 - missing functions: none
symbol engine: initialized successfully - sym options: 0x614 - pdb path: .;C:\Program Files\Java\jdk-19\bin;C:\Windows\SYSTEM32;C:\Windows\WinSxS\amd64_microsoft.windows.common-controls_6595b64144ccf1df_6.0.19041.1110_none_60b5254171f9507e;C:\Program Files\Java\jdk-19\bin\server

VM Arguments:
jvm_args: -javaagent:C:\Users\Жанарбай\AppData\Local\JetBrains\IntelliJ IDEA Community Edition 2022.3.2\lib\idea_rt.jar=49820:C:\Users\Жанарбай\AppData\Local\JetBrains\IntelliJ IDEA Community Edition 2022.3.2\bin -Dfile.encoding=UTF-8 -Dsun.stdout.encoding=UTF-8 -Dsun.stderr.encoding=UTF-8 
java_command: com.example.fullstack.FullstackApplication
java_class_path (initial): C:\Users\Жанарбай\Desktop\frameworks\SPRING\fullstack\fullstack\target\classes;C:\Users\Жанарбай\.m2\repository\org\springframework\boot\spring-boot-starter-data-jpa\3.1.1\spring-boot-starter-data-jpa-3.1.1.jar;C:\Users\Жанарбай\.m2\repository\org\springframework\boot\spring-boot-starter-aop\3.1.1\spring-boot-starter-aop-3.1.1.jar;C:\Users\Жанарбай\.m2\repository\org\springframework\spring-aop\6.0.10\spring-aop-6.0.10.jar;C:\Users\Жанарбай\.m2\repository\org\aspectj\aspectjweaver\1.9.19\aspectjweaver-1.9.19.jar;C:\Users\Жанарбай\.m2\repository\org\springframework\boot\spring-boot-starter-jdbc\3.1.1\spring-boot-starter-jdbc-3.1.1.jar;C:\Users\Жанарбай\.m2\repository\com\zaxxer\HikariCP\5.0.1\HikariCP-5.0.1.jar;C:\Users\Жанарбай\.m2\repository\org\springframework\spring-jdbc\6.0.10\spring-jdbc-6.0.10.jar;C:\Users\Жанарбай\.m2\repository\org\hibernate\orm\hibernate-core\6.2.5.Final\hibernate-core-6.2.5.Final.jar;C:\Users\Жанарбай\.m2\repository\jakarta\persistence\jakarta.persistence-api\3.1.0\jakarta.persistence-api-3.1.0.jar;C:\Users\Жанарбай\.m2\repository\jakarta\transaction\jakarta.transaction-api\2.0.1\jakarta.transaction-api-2.0.1.jar;C:\Users\Жанарбай\.m2\repository\org\jboss\logging\jboss-logging\3.5.1.Final\jboss-logging-3.5.1.Final.jar;C:\Users\Жанарбай\.m2\repository\org\hibernate\common\hibernate-commons-annotations\6.0.6.Final\hibernate-commons-annotations-6.0.6.Final.jar;C:\Users\Жанарбай\.m2\repository\io\smallrye\jandex\3.0.5\jandex-3.0.5.jar;C:\Users\Жанарбай\.m2\repository\com\fasterxml\classmate\1.5.1\classmate-1.5.1.jar;C:\Users\Жанарбай\.m2\repository\net\bytebuddy\byte-buddy\1.14.5\byte-buddy-1.14.5.jar;C:\Users\Жанарбай\.m2\repository\org\glassfish\jaxb\jaxb-runtime\4.0.3\jaxb-runtime-4.0.3.jar;C:\Users\Жанарбай\.m2\repository\org\glassfish\jaxb\jaxb-core\4.0.3\jaxb-core-4.0.3.jar;C:\Users\Жанарбай\.m2\repository\org\eclipse\angus\angus-activation\2.0.1\angus-activation-2.0.1.jar;C:\Users\Жанарбай\.m2\repository\org\glassfish\jaxb\txw2\4.0.3\txw2-4.0.3.jar;C:\Users\Жанарбай\.m2\repository\com\sun\istack\istack-commons-runtime\4.1.2\istack-commons-runtime-4.1.2.jar;C:\Users\Жанарбай\.m2\repository\jakarta\inject\jakarta.inject-api\2.0.1\jakarta.inject-api-2.0.1.jar;C:\Users\Жанарбай\.m2\repository\org\antlr\antlr4-runtime\4.10.1\antlr4-runtime-4.10.1.jar;C:\Users\Жанарбай\.m2\repository\org\springframework\data\spring-data-jpa\3.1.1\spring-data-jpa-3.1.1.jar;C:\Users\Жанарбай\.m2\repository\org\springframework\data\spring-data-commons\3.1.1\spring-data-commons-3.1.1.jar;C:\Users\Жанарбай\.m2\repository\org\springframework\spring-orm\6.0.10\spring-orm-6.0.10.jar;C:\Users\Жанарбай\.m2\repository\org\springframework\spring-context\6.0.10\spring-context-6.0.10.jar;C:\Users\Жанарбай\.m2\repository\org\springframework\spring-tx\6.0.10\spring-tx-6.0.10.jar;C:\Users\Жанарбай\.m2\repository\org\springframework\spring-beans\6.0.10\spring-beans-6.0.10.jar;C:\Users\Жанарбай\.m2\repository\jakarta\annotation\jakarta.annotation-api\2.1.1\jakarta.annotation-api-2.1.1.jar;C:\Users\Жанарбай\.m2\repository\org\slf4j\slf4j-api\2.0.7\slf4j-api-2.0.7.jar;C:\Users\Жанарбай\.m2\repository\org\springframework\spring-aspects\6.0.10\spring-aspects-6.0.10.jar;C:\Users\Жанарбай\.m2\repository\org\springframework\boot\spring-boot-starter-web\3.1.1\spring-boot-starter-web-3.1.1.jar;C:\Users\Жанарбай\.m2\repository\org\springframework\boot\spring-boot-starter\3.1.1\spring-boot-starter-3.1.1.jar;C:\Users\Жанарбай\.m2\repository\org\springframework\boot\spring-boot\3.1.1\spring-boot-3.1.1.jar;C:\Users\Жанарбай\.m2\repository\org\springframework\boot\spring-boot-autoconfigure\3.1.1\spring-boot-autoconfigure-3.1.1.jar;C:\Users\Жанарбай\.m2\repository\org\springframework\boot\spring-boot-starter-logging\3.1.1\spring-boot-starter-logging-3.1.1.jar;C:\Users\Жанарбай\.m2\repository\ch\qos\logback\logback-classic\1.4.8\logback-classic-1.4.8.jar;C:\Users\Жанарбай\.m2\repository\ch\qos\logback\logback-core\1.4.8\logback-core-1.4.8.jar;C:\Users\Жанарбай\.m2\repository\org\apache\logging\log4j\log4j-to-slf4j\2.20.0\log4j-to-slf4j-2.20.0.jar;C:\Users\Жанарбай\.m2\repository\org\apache\logging\log4j\log4j-api\2.20.0\log4j-api-2.20.0.jar;C:\Users\Жанарбай\.m2\repository\org\slf4j\jul-to-slf4j\2.0.7\jul-to-slf4j-2.0.7.jar;C:\Users\Жанарбай\.m2\repository\org\yaml\snakeyaml\1.33\snakeyaml-1.33.jar;C:\Users\Жанарбай\.m2\repository\org\springframework\boot\spring-boot-starter-json\3.1.1\spring-boot-starter-json-3.1.1.jar;C:\Users\Жанарбай\.m2\repository\com\fasterxml\jackson\core\jackson-databind\2.15.2\jackson-databind-2.15.2.jar;C:\Users\Жанарбай\.m2\repository\com\fasterxml\jackson\core\jackson-annotations\2.15.2\jackson-annotations-2.15.2.jar;C:\Users\Жанарбай\.m2\repository\com\fasterxml\jackson\core\jackson-core\2.15.2\jackson-core-2.15.2.jar;C:\Users\Жанарбай\.m2\repository\com\fasterxml\jackson\datatype\jackson-datatype-jdk8\2.15.2\jackson-datatype-jdk8-2.15.2.jar;C:\Users\Жанарбай\.m2\repository\com\fasterxml\jackson\datatype\jackson-datatype-jsr310\2.15.2\jackson-datatype-jsr310-2.15.2.jar;C:\Users\Жанарбай\.m2\repository\com\fasterxml\jackson\module\jackson-module-parameter-names\2.15.2\jackson-module-parameter-names-2.15.2.jar;C:\Users\Жанарбай\.m2\repository\org\springframework\boot\spring-boot-starter-tomcat\3.1.1\spring-boot-starter-tomcat-3.1.1.jar;C:\Users\Жанарбай\.m2\repository\org\apache\tomcat\embed\tomcat-embed-core\10.1.10\tomcat-embed-core-10.1.10.jar;C:\Users\Жанарбай\.m2\repository\org\apache\tomcat\embed\tomcat-embed-el\10.1.10\tomcat-embed-el-10.1.10.jar;C:\Users\Жанарбай\.m2\repository\org\apache\tomcat\embed\tomcat-embed-websocket\10.1.10\tomcat-embed-websocket-10.1.10.jar;C:\Users\Жанарбай\.m2\repository\org\springframework\spring-web\6.0.10\spring-web-6.0.10.jar;C:\Users\Жанарбай\.m2\repository\io\micrometer\micrometer-observation\1.11.1\micrometer-observation-1.11.1.jar;C:\Users\Жанарбай\.m2\repository\io\micrometer\micrometer-commons\1.11.1\micrometer-commons-1.11.1.jar;C:\Users\Жанарбай\.m2\repository\org\springframework\spring-webmvc\6.0.10\spring-webmvc-6.0.10.jar;C:\Users\Жанарбай\.m2\repository\org\springframework\spring-expression\6.0.10\spring-expression-6.0.10.jar;C:\Users\Жанарбай\.m2\repository\org\postgresql\postgresql\42.6.0\postgresql-42.6.0.jar;C:\Users\Жанарбай\.m2\repository\org\checkerframework\checker-qual\3.31.0\checker-qual-3.31.0.jar;C:\Users\Жанарбай\.m2\repository\org\projectlombok\lombok\1.18.28\lombok-1.18.28.jar;C:\Users\Жанарбай\.m2\repository\jakarta\xml\bind\jakarta.xml.bind-api\4.0.0\jakarta.xml.bind-api-4.0.0.jar;C:\Users\Жанарбай\.m2\repository\jakarta\activation\jakarta.activation-api\2.1.2\jakarta.activation-api-2.1.2.jar;C:\Users\Жанарбай\.m2\repository\org\springframework\spring-core\6.0.10\spring-core-6.0.10.jar;C:\Users\Жанарбай\.m2\repository\org\springframework\spring-jcl\6.0.10\spring-jcl-6.0.10.jar
Launcher Type: SUN_STANDARD

[Global flags]
     intx CICompilerCount                          = 4                                         {product} {ergonomic}
     uint ConcGCThreads                            = 2                                         {product} {ergonomic}
     uint G1ConcRefinementThreads                  = 8                                         {product} {ergonomic}
   size_t G1HeapRegionSize                         = 1048576                                   {product} {ergonomic}
    uintx GCDrainStackTargetSize                   = 64                                        {product} {ergonomic}
   size_t InitialHeapSize                          = 130023424                                 {product} {ergonomic}
   size_t MarkStackSize                            = 4194304                                   {product} {ergonomic}
   size_t MaxHeapSize                              = 2067791872                                {product} {ergonomic}
   size_t MaxNewSize                               = 1240465408                                {product} {ergonomic}
   size_t MinHeapDeltaBytes                        = 1048576                                   {product} {ergonomic}
   size_t MinHeapSize                              = 8388608                                   {product} {ergonomic}
    uintx NonNMethodCodeHeapSize                   = 5839372                                {pd product} {ergonomic}
    uintx NonProfiledCodeHeapSize                  = 122909434                              {pd product} {ergonomic}
    uintx ProfiledCodeHeapSize                     = 122909434                              {pd product} {ergonomic}
    uintx ReservedCodeCacheSize                    = 251658240                              {pd product} {ergonomic}
     bool SegmentedCodeCache                       = true                                      {product} {ergonomic}
   size_t SoftMaxHeapSize                          = 2067791872                             {manageable} {ergonomic}
     bool UseCompressedClassPointers               = true                           {product lp64_product} {ergonomic}
     bool UseCompressedOops                        = true                           {product lp64_product} {ergonomic}
     bool UseG1GC                                  = true                                      {product} {ergonomic}
     bool UseLargePagesIndividualAllocation        = false                                  {pd product} {ergonomic}

Logging:
Log output configuration:
 #0: stdout all=warning uptime,level,tags foldmultilines=false
 #1: stderr all=off uptime,level,tags foldmultilines=false

Environment Variables:
JAVA_HOME=C:\Program Files\Android\Android Studio\jre
PATH=C:\Program Files\Common Files\Oracle\Java\javapath;C:\Windows\system32;C:\Windows;C:\Windows\System32\Wbem;C:\Windows\System32\WindowsPowerShell\v1.0\;C:\Program Files\Git\cmd;C:\Program Files\Java\jdk-19\bin;C:\Program Files\nodejs\;C:\Program Files\MySQL\MySQL Shell 8.0\bin\;C:\Users\Жанарбай\AppData\Local\Microsoft\WindowsApps;C:\Users\Жанарбай\AppData\Local\Programs\Microsoft VS Code\bin;C:\Program Files\JetBrains\PyCharm Community Edition 2022.2.3\bin;;C:\Users\Жанарбай\AppData\Local\GitHubDesktop\bin;C:\Users\Жанарбай\AppData\Roaming\npm;C:\Program Files\JetBrains\IntelliJ IDEA 2023.1.1\bin;;C:\flutter;C:\flutter\bin;G:\Sdk;
USERNAME=Жанарбай
OS=Windows_NT
PROCESSOR_IDENTIFIER=Intel64 Family 6 Model 140 Stepping 1, GenuineIntel
TMP=C:\Users\46FB~1\AppData\Local\Temp
TEMP=C:\Users\46FB~1\AppData\Local\Temp



---------------  S Y S T E M  ---------------

OS:
 Windows 10 , 64 bit Build 19041 (10.0.19041.1202)
OS uptime: 0 days 7:48 hours

CPU: total 8 (initial active 8) (4 cores per cpu, 2 threads per core) family 6 model 140 stepping 1 microcode 0xa4, cx8, cmov, fxsr, ht, mmx, 3dnowpref, sse, sse2, sse3, ssse3, sse4.1, sse4.2, popcnt, lzcnt, tsc, tscinvbit, avx, avx2, aes, erms, clmul, bmi1, bmi2, adx, avx512f, avx512dq, avx512cd, avx512bw, avx512vl, sha, fma, vzeroupper, avx512_vpopcntdq, avx512_vpclmulqdq, avx512_vaes, avx512_vnni, clflush, clflushopt, clwb, avx512_vbmi2, avx512_vbmi, rdtscp, rdpid, fsrm, gfni, avx512_bitalg

Memory: 4k page, system-wide physical 7883M (506M free)
TotalPageFile size 7883M (AvailPageFile size 6M)
current process WorkingSet (physical memory assigned to process): 236M, peak: 236M
current process commit charge ("private bytes"): 296M, peak: 296M

vm_info: Java HotSpot(TM) 64-Bit Server VM (19.0.2+7-44) for windows-amd64 JRE (19.0.2+7-44), built on 2022-11-30T18:02:09Z by "mach5one" with MS VC++ 17.1 (VS2022)

END.
